-------------------------------------------------------------------------------
Test set: first.AbstractIntegrationTest
-------------------------------------------------------------------------------
Tests run: 1, Failures: 0, Errors: 1, Skipped: 0, Time elapsed: 0.012 s <<< FAILURE! - in first.AbstractIntegrationTest
initializationError  Time elapsed: 0.001 s  <<< ERROR!
java.lang.Exception: No runnable methods

