<?xml version="1.0" encoding="UTF-8"?>
<testsuite xmlns:xsi="http://www.w3.org/2001/XMLSchema-instance" xsi:noNamespaceSchemaLocation="https://maven.apache.org/surefire/maven-surefire-plugin/xsd/surefire-test-report.xsd" name="first.FourthControllerTest" time="5.9" tests="1" errors="1" skipped="0" failures="0">
  <properties>
[...]
</properties>
  <testcase name="save_and_read_user" classname="first.FourthControllerTest" time="0">
    <error type="java.lang.NullPointerException">java.lang.NullPointerException
	at first.FourthControllerTest.save_and_read_user(FourthControllerTest.java:51)
</error>
    <system-out><![CDATA[21:23:03.076 [main] DEBUG org.testcontainers.utility.TestcontainersConfiguration - Testcontainers configuration overrides will be loaded from file:/C:/Users/AMakarov/.testcontainers.properties
21:23:03.096 [main] INFO org.testcontainers.dockerclient.DockerClientProviderStrategy - Loaded org.testcontainers.dockerclient.NpipeSocketClientProviderStrategy from ~/.testcontainers.properties, will try it first
21:23:03.573 [ducttape-0] DEBUG org.testcontainers.dockerclient.DockerClientProviderStrategy - Pinging docker daemon...
21:23:03.600 [ducttape-0] DEBUG org.testcontainers.shaded.com.github.dockerjava.core.command.AbstrDockerCmd - Cmd: 
21:23:03.930 [main] INFO org.testcontainers.dockerclient.DockerClientProviderStrategy - Found Docker environment with local Npipe socket (npipe:////./pipe/docker_engine)
21:23:03.930 [main] DEBUG org.testcontainers.dockerclient.DockerClientProviderStrategy - Transport type: 'okhttp', Docker host: 'npipe:////./pipe/docker_engine'
21:23:03.930 [main] DEBUG org.testcontainers.dockerclient.DockerClientProviderStrategy - Checking Docker OS type for local Npipe socket (npipe:////./pipe/docker_engine)
21:23:03.932 [main] INFO org.testcontainers.DockerClientFactory - Docker host IP address is localhost
21:23:03.933 [main] DEBUG org.testcontainers.shaded.com.github.dockerjava.core.command.AbstrDockerCmd - Cmd: 
21:23:03.954 [main] DEBUG org.testcontainers.shaded.com.github.dockerjava.core.command.AbstrDockerCmd - Cmd: 
21:23:03.984 [main] INFO org.testcontainers.DockerClientFactory - Connected to docker: 
  Server Version: 20.10.2
  API Version: 1.41
  Operating System: Docker Desktop
  Total Memory: 12549 MB
21:23:03.984 [main] DEBUG org.testcontainers.DockerClientFactory - Ryuk is enabled
21:23:03.987 [main] INFO org.testcontainers.utility.ImageNameSubstitutor - Image name substitution will be performed by: DefaultImageNameSubstitutor (composite of 'ConfigurationFileImageNameSubstitutor' and 'PrefixingImageNameSubstitutor')
21:23:03.990 [main] DEBUG org.testcontainers.utility.PrefixingImageNameSubstitutor - No prefix is configured
21:23:03.990 [main] DEBUG org.testcontainers.utility.ImageNameSubstitutor - Did not find a substitute image for testcontainers/ryuk:0.3.0 (using image substitutor: DefaultImageNameSubstitutor (composite of 'ConfigurationFileImageNameSubstitutor' and 'PrefixingImageNameSubstitutor'))
21:23:03.992 [main] DEBUG org.testcontainers.shaded.com.github.dockerjava.core.command.AbstrDockerCmd - Cmd: testcontainers/ryuk:0.3.0
21:23:04.059 [main] DEBUG org.testcontainers.utility.RegistryAuthLocator - Looking up auth config for image: testcontainers/ryuk:0.3.0 at registry: index.docker.io
21:23:04.060 [main] DEBUG org.testcontainers.utility.RegistryAuthLocator - RegistryAuthLocator has configFile: C:\Users\AMakarov\.docker\config.json (exists) and commandPathPrefix: 
21:23:04.066 [main] DEBUG org.testcontainers.utility.RegistryAuthLocator - registryName [index.docker.io] for dockerImageName [testcontainers/ryuk:0.3.0]
21:23:04.067 [main] DEBUG org.testcontainers.utility.RegistryAuthLocator - Executing docker credential provider: docker-credential-desktop to locate auth config for: index.docker.io
21:23:04.077 [main] DEBUG org.testcontainers.shaded.org.zeroturnaround.exec.ProcessExecutor - Executing [docker-credential-desktop, get].
21:23:04.111 [main] DEBUG org.testcontainers.shaded.org.zeroturnaround.exec.ProcessExecutor - Started Process[pid=19252, exitValue="not exited"]
21:23:04.268 [WaitForProcess-Process[pid=19252, exitValue="not exited"]] DEBUG org.testcontainers.shaded.org.zeroturnaround.exec.WaitForProcess - Process[pid=19252, exitValue=1] stopped with exit code 1
21:23:04.271 [main] DEBUG org.testcontainers.shaded.org.zeroturnaround.exec.ProcessExecutor - Executing [docker-credential-desktop, get].
21:23:04.298 [main] DEBUG org.testcontainers.shaded.org.zeroturnaround.exec.ProcessExecutor - Started Process[pid=16864, exitValue="not exited"]
21:23:04.496 [WaitForProcess-Process[pid=16864, exitValue="not exited"]] DEBUG org.testcontainers.shaded.org.zeroturnaround.exec.WaitForProcess - Process[pid=16864, exitValue=1] stopped with exit code 1
21:23:04.497 [main] DEBUG org.testcontainers.utility.RegistryAuthLocator - Got credentials not found error message from docker credential helper - credentials not found in native keychain
21:23:04.497 [main] INFO org.testcontainers.utility.RegistryAuthLocator - Credential helper/store (docker-credential-desktop) does not have credentials for index.docker.io
21:23:04.498 [main] DEBUG org.testcontainers.utility.RegistryAuthLocator - No matching Auth Configs - falling back to defaultAuthConfig [null]
21:23:04.498 [main] DEBUG org.testcontainers.dockerclient.AuthDelegatingDockerClientConfig - Effective auth config [null]
21:23:04.502 [main] DEBUG org.testcontainers.shaded.com.github.dockerjava.core.command.AbstrDockerCmd - Cmd: org.testcontainers.shaded.com.github.dockerjava.core.command.CreateContainerCmdImpl@3d4d3fe7[name=testcontainers-ryuk-cc7bdc6c-e81d-4d37-8d57-90c4a83109c0,hostName=<null>,domainName=<null>,user=<null>,attachStdin=<null>,attachStdout=<null>,attachStderr=<null>,portSpecs=<null>,tty=<null>,stdinOpen=<null>,stdInOnce=<null>,env=<null>,cmd=<null>,healthcheck=<null>,argsEscaped=<null>,entrypoint=<null>,image=testcontainers/ryuk:0.3.0,volumes=com.github.dockerjava.api.model.Volumes@d816dde,workingDir=<null>,macAddress=<null>,onBuild=<null>,networkDisabled=<null>,exposedPorts=com.github.dockerjava.api.model.ExposedPorts@6e33c391,stopSignal=<null>,stopTimeout=<null>,hostConfig=HostConfig(binds=[//var/run/docker.sock:/var/run/docker.sock:rw], blkioWeight=null, blkioWeightDevice=null, blkioDeviceReadBps=null, blkioDeviceWriteBps=null, blkioDeviceReadIOps=null, blkioDeviceWriteIOps=null, memorySwappiness=null, nanoCPUs=null, capAdd=null, capDrop=null, containerIDFile=null, cpuPeriod=null, cpuRealtimePeriod=null, cpuRealtimeRuntime=null, cpuShares=null, cpuQuota=null, cpusetCpus=null, cpusetMems=null, devices=null, deviceCgroupRules=null, deviceRequests=null, diskQuota=null, dns=null, dnsOptions=null, dnsSearch=null, extraHosts=null, groupAdd=null, ipcMode=null, cgroup=null, links=[], logConfig=LogConfig(type=null, config=null), lxcConf=null, memory=null, memorySwap=null, memoryReservation=null, kernelMemory=null, networkMode=null, oomKillDisable=null, init=null, autoRemove=true, oomScoreAdj=null, portBindings=null, privileged=false, publishAllPorts=true, readonlyRootfs=null, restartPolicy=null, ulimits=null, cpuCount=null, cpuPercent=null, ioMaximumIOps=null, ioMaximumBandwidth=null, volumesFrom=null, mounts=null, pidMode=null, isolation=null, securityOpts=null, storageOpt=null, cgroupParent=null, volumeDriver=null, shmSize=null, pidsLimit=null, runtime=null, tmpFs=null, utSMode=null, usernsMode=null, sysctls=null, consoleSize=null),labels={org.testcontainers=true},shell=<null>,networkingConfig=<null>,ipv4Address=<null>,ipv6Address=<null>,aliases=<null>,authConfig=<null>]
21:23:04.822 [main] DEBUG org.testcontainers.shaded.com.github.dockerjava.core.command.AbstrDockerCmd - Cmd: 498483e6d770670f3983587ea546f4d6e999d2a208e070261980f9688b0f71e9
21:23:05.340 [main] DEBUG org.testcontainers.shaded.com.github.dockerjava.core.command.AbstrDockerCmd - Cmd: 498483e6d770670f3983587ea546f4d6e999d2a208e070261980f9688b0f71e9,false
21:23:05.341 [main] DEBUG org.testcontainers.shaded.com.github.dockerjava.core.exec.InspectContainerCmdExec - GET: DefaultWebTarget{path=[/containers/498483e6d770670f3983587ea546f4d6e999d2a208e070261980f9688b0f71e9/json], queryParams={}}
21:23:05.442 [testcontainers-ryuk] DEBUG org.testcontainers.utility.ResourceReaper - Sending 'label=org.testcontainers%3Dtrue&label=org.testcontainers.sessionId%3Dcc7bdc6c-e81d-4d37-8d57-90c4a83109c0' to Ryuk
21:23:05.446 [testcontainers-ryuk] DEBUG org.testcontainers.utility.ResourceReaper - Received 'ACK' from Ryuk
21:23:05.450 [main] INFO org.testcontainers.DockerClientFactory - Ryuk started - will monitor and terminate Testcontainers containers on JVM exit
21:23:05.451 [main] DEBUG org.testcontainers.DockerClientFactory - Checks are enabled
21:23:05.451 [main] INFO org.testcontainers.DockerClientFactory - Checking the system...
21:23:05.452 [main] INFO org.testcontainers.DockerClientFactory - ?? Docker server version should be at least 1.6.0
21:23:05.454 [main] DEBUG org.testcontainers.shaded.com.github.dockerjava.core.command.AbstrDockerCmd - Cmd: 498483e6d770670f3983587ea546f4d6e999d2a208e070261980f9688b0f71e9,<null>,true,<null>,<null>,<null>,<null>,{df,-P},<null>,<null>
21:23:05.571 [main] INFO org.testcontainers.DockerClientFactory - ?? Docker environment should have more than 2GB free disk space
21:23:05.574 [main] DEBUG org.testcontainers.utility.PrefixingImageNameSubstitutor - No prefix is configured
21:23:05.574 [main] DEBUG org.testcontainers.utility.ImageNameSubstitutor - Did not find a substitute image for postgres:11-alpine (using image substitutor: DefaultImageNameSubstitutor (composite of 'ConfigurationFileImageNameSubstitutor' and 'PrefixingImageNameSubstitutor'))
21:23:05.579 [main] DEBUG org.testcontainers.shaded.com.github.dockerjava.core.command.AbstrDockerCmd - Cmd: ListImagesCmdImpl[imageNameFilter=<null>,showAll=false,filters=org.testcontainers.shaded.com.github.dockerjava.core.util.FiltersBuilder@0]
21:23:05.615 [main] DEBUG org.testcontainers.images.AbstractImagePullPolicy - Using locally available and not pulling image: postgres:11-alpine
21:23:05.615 [main] DEBUG docker[postgres:11-alpine] - Starting container: postgres:11-alpine
21:23:05.616 [main] DEBUG docker[postgres:11-alpine] - Trying to start container: postgres:11-alpine (attempt 1/1)
21:23:05.616 [main] DEBUG docker[postgres:11-alpine] - Starting container: postgres:11-alpine
21:23:05.616 [main] INFO docker[postgres:11-alpine] - Creating container for image: postgres:11-alpine
21:23:05.616 [main] DEBUG org.testcontainers.utility.RegistryAuthLocator - Looking up auth config for image: postgres:11-alpine at registry: index.docker.io
21:23:05.616 [main] DEBUG org.testcontainers.utility.RegistryAuthLocator - No matching Auth Configs - falling back to defaultAuthConfig [null]
21:23:05.616 [main] DEBUG org.testcontainers.dockerclient.AuthDelegatingDockerClientConfig - Effective auth config [null]
21:23:05.648 [main] DEBUG org.testcontainers.shaded.com.github.dockerjava.core.command.AbstrDockerCmd - Cmd: org.testcontainers.shaded.com.github.dockerjava.core.command.CreateContainerCmdImpl@3003697[name=<null>,hostName=<null>,domainName=<null>,user=<null>,attachStdin=<null>,attachStdout=<null>,attachStderr=<null>,portSpecs=<null>,tty=<null>,stdinOpen=<null>,stdInOnce=<null>,env={POSTGRES_USER=postgres,POSTGRES_PASSWORD=admin,POSTGRES_DB=fourthdb},cmd={postgres,-c,fsync=off},healthcheck=<null>,argsEscaped=<null>,entrypoint=<null>,image=postgres:11-alpine,volumes=com.github.dockerjava.api.model.Volumes@64d43929,workingDir=<null>,macAddress=<null>,onBuild=<null>,networkDisabled=<null>,exposedPorts=com.github.dockerjava.api.model.ExposedPorts@1d269ed7,stopSignal=<null>,stopTimeout=<null>,hostConfig=HostConfig(binds=[], blkioWeight=null, blkioWeightDevice=null, blkioDeviceReadBps=null, blkioDeviceWriteBps=null, blkioDeviceReadIOps=null, blkioDeviceWriteIOps=null, memorySwappiness=null, nanoCPUs=null, capAdd=null, capDrop=null, containerIDFile=null, cpuPeriod=null, cpuRealtimePeriod=null, cpuRealtimeRuntime=null, cpuShares=null, cpuQuota=null, cpusetCpus=null, cpusetMems=null, devices=null, deviceCgroupRules=null, deviceRequests=null, diskQuota=null, dns=null, dnsOptions=null, dnsSearch=null, extraHosts=[], groupAdd=null, ipcMode=null, cgroup=null, links=[], logConfig=LogConfig(type=null, config=null), lxcConf=null, memory=null, memorySwap=null, memoryReservation=null, kernelMemory=null, networkMode=null, oomKillDisable=null, init=null, autoRemove=null, oomScoreAdj=null, portBindings={}, privileged=null, publishAllPorts=true, readonlyRootfs=null, restartPolicy=null, ulimits=null, cpuCount=null, cpuPercent=null, ioMaximumIOps=null, ioMaximumBandwidth=null, volumesFrom=[], mounts=null, pidMode=null, isolation=null, securityOpts=null, storageOpt=null, cgroupParent=null, volumeDriver=null, shmSize=null, pidsLimit=null, runtime=null, tmpFs=null, utSMode=null, usernsMode=null, sysctls=null, consoleSize=null),labels={org.testcontainers=true, org.testcontainers.sessionId=cc7bdc6c-e81d-4d37-8d57-90c4a83109c0},shell=<null>,networkingConfig=<null>,ipv4Address=<null>,ipv6Address=<null>,aliases=<null>,authConfig=<null>]
21:23:05.733 [main] INFO docker[postgres:11-alpine] - Starting container with ID: dbad9f67b6ad93570299cfeaf1f3d14e626719286564469baa12e070436411d6
21:23:05.734 [main] DEBUG org.testcontainers.shaded.com.github.dockerjava.core.command.AbstrDockerCmd - Cmd: dbad9f67b6ad93570299cfeaf1f3d14e626719286564469baa12e070436411d6
21:23:06.137 [main] INFO docker[postgres:11-alpine] - Container postgres:11-alpine is starting: dbad9f67b6ad93570299cfeaf1f3d14e626719286564469baa12e070436411d6
21:23:06.138 [main] DEBUG org.testcontainers.shaded.com.github.dockerjava.core.command.AbstrDockerCmd - Cmd: dbad9f67b6ad93570299cfeaf1f3d14e626719286564469baa12e070436411d6,false
21:23:06.139 [main] DEBUG org.testcontainers.shaded.com.github.dockerjava.core.exec.InspectContainerCmdExec - GET: DefaultWebTarget{path=[/containers/dbad9f67b6ad93570299cfeaf1f3d14e626719286564469baa12e070436411d6/json], queryParams={}}
21:23:06.151 [ducttape-0] DEBUG org.testcontainers.shaded.com.github.dockerjava.core.command.AbstrDockerCmd - Cmd: dbad9f67b6ad93570299cfeaf1f3d14e626719286564469baa12e070436411d6,false
21:23:06.151 [ducttape-0] DEBUG org.testcontainers.shaded.com.github.dockerjava.core.exec.InspectContainerCmdExec - GET: DefaultWebTarget{path=[/containers/dbad9f67b6ad93570299cfeaf1f3d14e626719286564469baa12e070436411d6/json], queryParams={}}
21:23:06.180 [main] DEBUG org.testcontainers.containers.output.WaitingConsumer - STDOUT: The files belonging to this database system will be owned by user "postgres".
21:23:06.181 [main] DEBUG org.testcontainers.containers.output.WaitingConsumer - STDOUT: selecting default max_connections ... 100
21:23:06.182 [main] DEBUG org.testcontainers.containers.output.WaitingConsumer - STDOUT: creating subdirectories ... ok
21:23:06.182 [main] DEBUG org.testcontainers.containers.output.WaitingConsumer - STDOUT: fixing permissions on existing directory /var/lib/postgresql/data ... ok
21:23:06.182 [main] DEBUG org.testcontainers.containers.output.WaitingConsumer - STDOUT: 
21:23:06.182 [main] DEBUG org.testcontainers.containers.output.WaitingConsumer - STDOUT: Data page checksums are disabled.
21:23:06.182 [main] DEBUG org.testcontainers.containers.output.WaitingConsumer - STDOUT: 
21:23:06.182 [main] DEBUG org.testcontainers.containers.output.WaitingConsumer - STDOUT: The default text search configuration will be set to "english".
21:23:06.183 [main] DEBUG org.testcontainers.containers.output.WaitingConsumer - STDOUT: The default database encoding has accordingly been set to "UTF8".
21:23:06.183 [main] DEBUG org.testcontainers.containers.output.WaitingConsumer - STDOUT: The database cluster will be initialized with locale "en_US.utf8".
21:23:06.183 [main] DEBUG org.testcontainers.containers.output.WaitingConsumer - STDOUT: 
21:23:06.183 [main] DEBUG org.testcontainers.containers.output.WaitingConsumer - STDOUT: This user must also own the server process.
21:23:06.194 [main] DEBUG org.testcontainers.containers.output.WaitingConsumer - STDOUT: selecting default shared_buffers ... 128MB
21:23:06.324 [main] DEBUG org.testcontainers.containers.output.WaitingConsumer - STDOUT: selecting default timezone ... UTC
21:23:06.324 [main] DEBUG org.testcontainers.containers.output.WaitingConsumer - STDOUT: selecting dynamic shared memory implementation ... posix
21:23:06.336 [main] DEBUG org.testcontainers.containers.output.WaitingConsumer - STDOUT: creating configuration files ... ok
21:23:06.443 [main] DEBUG org.testcontainers.containers.output.WaitingConsumer - STDOUT: running bootstrap script ... ok
21:23:06.631 [main] DEBUG org.testcontainers.containers.output.WaitingConsumer - STDERR: sh: locale: not found
21:23:06.631 [main] DEBUG org.testcontainers.containers.output.WaitingConsumer - STDERR: 2021-02-12 18:23:06.629 UTC [31] WARNING:  no usable system locales were found
21:23:07.055 [main] DEBUG org.testcontainers.containers.output.WaitingConsumer - STDOUT: performing post-bootstrap initialization ... ok
21:23:07.382 [main] DEBUG org.testcontainers.containers.output.WaitingConsumer - STDOUT: 
21:23:07.382 [main] DEBUG org.testcontainers.containers.output.WaitingConsumer - STDERR: --auth-local and --auth-host, the next time you run initdb.
21:23:07.382 [main] DEBUG org.testcontainers.containers.output.WaitingConsumer - STDERR: You can change this by editing pg_hba.conf or using the option -A, or
21:23:07.383 [main] DEBUG org.testcontainers.containers.output.WaitingConsumer - STDERR: WARNING: enabling "trust" authentication for local connections
21:23:07.383 [main] DEBUG org.testcontainers.containers.output.WaitingConsumer - STDERR: 
21:23:07.383 [main] DEBUG org.testcontainers.containers.output.WaitingConsumer - STDOUT: 
21:23:07.383 [main] DEBUG org.testcontainers.containers.output.WaitingConsumer - STDOUT:     pg_ctl -D /var/lib/postgresql/data -l logfile start
21:23:07.383 [main] DEBUG org.testcontainers.containers.output.WaitingConsumer - STDOUT: 
21:23:07.383 [main] DEBUG org.testcontainers.containers.output.WaitingConsumer - STDOUT: Success. You can now start the database server using:
21:23:07.383 [main] DEBUG org.testcontainers.containers.output.WaitingConsumer - STDOUT: syncing data to disk ... ok
21:23:07.395 [main] DEBUG org.testcontainers.containers.output.WaitingConsumer - STDOUT: waiting for server to start....2021-02-12 18:23:07.394 UTC [36] LOG:  listening on Unix socket "/var/run/postgresql/.s.PGSQL.5432"
21:23:07.405 [main] DEBUG org.testcontainers.containers.output.WaitingConsumer - STDOUT: 2021-02-12 18:23:07.403 UTC [36] LOG:  database system is ready to accept connections
21:23:07.405 [main] DEBUG org.testcontainers.containers.output.WaitingConsumer - STDOUT: 2021-02-12 18:23:07.401 UTC [37] LOG:  database system was shut down at 2021-02-12 18:23:07 UTC
21:23:07.489 [main] DEBUG org.testcontainers.containers.output.WaitingConsumer - STDOUT:  done
21:23:07.489 [main] DEBUG org.testcontainers.containers.output.WaitingConsumer - STDOUT: server started
21:23:07.738 [main] DEBUG org.testcontainers.containers.output.WaitingConsumer - STDOUT: CREATE DATABASE
21:23:07.738 [main] DEBUG org.testcontainers.containers.output.WaitingConsumer - STDOUT: 
21:23:07.738 [main] DEBUG org.testcontainers.containers.output.WaitingConsumer - STDOUT: /usr/local/bin/docker-entrypoint.sh: ignoring /docker-entrypoint-initdb.d/*
21:23:07.739 [main] DEBUG org.testcontainers.containers.output.WaitingConsumer - STDOUT: 
21:23:07.740 [main] DEBUG org.testcontainers.containers.output.WaitingConsumer - STDOUT: 
21:23:07.750 [main] DEBUG org.testcontainers.containers.output.WaitingConsumer - STDOUT: 2021-02-12 18:23:07.744 UTC [36] LOG:  database system is shut down
21:23:07.750 [main] DEBUG org.testcontainers.containers.output.WaitingConsumer - STDOUT: 2021-02-12 18:23:07.739 UTC [38] LOG:  shutting down
21:23:07.750 [main] DEBUG org.testcontainers.containers.output.WaitingConsumer - STDOUT: 2021-02-12 18:23:07.739 UTC [36] LOG:  background worker "logical replication launcher" (PID 43) exited with exit code 1
21:23:07.751 [main] DEBUG org.testcontainers.containers.output.WaitingConsumer - STDOUT: 2021-02-12 18:23:07.739 UTC [36] LOG:  aborting any active transactions
21:23:07.751 [main] DEBUG org.testcontainers.containers.output.WaitingConsumer - STDOUT: waiting for server to shut down....2021-02-12 18:23:07.739 UTC [36] LOG:  received fast shutdown request
21:23:07.841 [main] DEBUG org.testcontainers.containers.output.WaitingConsumer - STDOUT: 
21:23:07.841 [main] DEBUG org.testcontainers.containers.output.WaitingConsumer - STDOUT: PostgreSQL init process complete; ready for start up.
21:23:07.841 [main] DEBUG org.testcontainers.containers.output.WaitingConsumer - STDOUT: 
21:23:07.841 [main] DEBUG org.testcontainers.containers.output.WaitingConsumer - STDOUT: server stopped
21:23:07.841 [main] DEBUG org.testcontainers.containers.output.WaitingConsumer - STDOUT:  done
21:23:07.851 [main] DEBUG org.testcontainers.containers.output.WaitingConsumer - STDERR: 2021-02-12 18:23:07.847 UTC [1] LOG:  listening on Unix socket "/var/run/postgresql/.s.PGSQL.5432"
21:23:07.851 [main] DEBUG org.testcontainers.containers.output.WaitingConsumer - STDERR: 2021-02-12 18:23:07.847 UTC [1] LOG:  listening on IPv6 address "::", port 5432
21:23:07.851 [main] DEBUG org.testcontainers.containers.output.WaitingConsumer - STDERR: 2021-02-12 18:23:07.847 UTC [1] LOG:  listening on IPv4 address "0.0.0.0", port 5432
21:23:07.862 [main] DEBUG org.testcontainers.containers.output.WaitingConsumer - STDERR: 2021-02-12 18:23:07.859 UTC [1] LOG:  database system is ready to accept connections
21:23:07.865 [main] INFO docker[postgres:11-alpine] - Container postgres:11-alpine started in PT2.2895421S
]]></system-out>
  </testcase>
</testsuite>